<?xml version="1.0" encoding="UTF-8"?>
<!-- Generated by org.testng.reporters.JUnitReportReporter -->
<testsuite skipped="0" hostname="Dell" name="practica.CalcularRFCyCURP" tests="1" failures="0" timestamp="2020-08-21T21:04:19 CDT" time="6.223" errors="0">
  <testcase name="testgenerarCURP" time="6.223" classname="practica.CalcularRFCyCURP"/>
  <system-out/>
</testsuite> <!-- practica.CalcularRFCyCURP -->
